Build started 01/07/2016 12:13:31 CH.
     1>Project "C:\Users\locth\Desktop\opengl\opengl\matrixProjection\src\matrixProjection.vcxproj" on node 2 (Build target(s)).
     1>ClCompile:
         C:\Program Files (x86)\Microsoft Visual Studio 12.0\VC\bin\CL.exe /c /ZI /nologo /W3 /WX- /Od /Oy- /D WIN32 /D _DEBUG /D _WINDOWS /D _UNICODE /D UNICODE /Gm /EHsc /RTC1 /MDd /GS /fp:precise /Zc:wchar_t /Zc:forScope /Fo"Debug\\" /Fd"Debug\vc120.pdb" /Gd /TP /analyze- /errorReport:prompt /D "_CRT_SECURE_NO_DEPRECATE" Controller.cpp ControllerFormGL.cpp ControllerGL.cpp ControllerMain.cpp DialogWindow.cpp Log.cpp main.cpp Matrices.cpp ModelGL.cpp procedure.cpp ViewFormGL.cpp ViewGL.cpp wcharUtil.cpp Window.cpp
         Window.cpp
         wcharUtil.cpp
         ViewGL.cpp
         ViewFormGL.cpp
         procedure.cpp
         ModelGL.cpp
         Matrices.cpp
         main.cpp
         Log.cpp
         DialogWindow.cpp
         ControllerMain.cpp
         ControllerGL.cpp
         ControllerFormGL.cpp
         Controller.cpp
         Generating Code...
       ResourceCompile:
         C:\Program Files (x86)\Windows Kits\8.1\bin\x86\rc.exe /D _UNICODE /D UNICODE /l"0x0409" /nologo /fo"Debug\matrixProjection.res" matrixProjection.rc 
       ManifestResourceCompile:
         C:\Program Files (x86)\Windows Kits\8.1\bin\x86\rc.exe /nologo /fo"Debug\matrixProjection.exe.embed.manifest.res" Debug\matrixProjection_manifest.rc 
       Link:
         C:\Program Files (x86)\Microsoft Visual Studio 12.0\VC\bin\link.exe /ERRORREPORT:PROMPT /OUT:"C:\Users\locth\Desktop\opengl\opengl\matrixProjection\src\..\bin\matrixProjection.exe" /INCREMENTAL /NOLOGO opengl32.lib glu32.lib comctl32.lib kernel32.lib user32.lib gdi32.lib winspool.lib comdlg32.lib advapi32.lib shell32.lib ole32.lib oleaut32.lib uuid.lib odbc32.lib odbccp32.lib /MANIFEST /MANIFESTUAC:"level='asInvoker' uiAccess='false'" /manifest:embed /manifestinput:matrixProjection.exe.manifest /DEBUG /PDB:"C:\Users\locth\Desktop\opengl\opengl\matrixProjection\src\..\bin\matrixProjection.pdb" /SUBSYSTEM:WINDOWS /TLBID:1 /DYNAMICBASE /NXCOMPAT /IMPLIB:"C:\Users\locth\Desktop\opengl\opengl\matrixProjection\src\..\bin\matrixProjection.lib" /MACHINE:X86 /SAFESEH Debug\matrixProjection.res
         Debug\Controller.obj
         Debug\ControllerFormGL.obj
         Debug\ControllerGL.obj
         Debug\ControllerMain.obj
         Debug\DialogWindow.obj
         Debug\Log.obj
         Debug\main.obj
         Debug\Matrices.obj
         Debug\ModelGL.obj
         Debug\procedure.obj
         Debug\ViewFormGL.obj
         Debug\ViewGL.obj
         Debug\wcharUtil.obj
         Debug\Window.obj
     1>Controller.obj : warning LNK4075: ignoring '/EDITANDCONTINUE' due to '/SAFESEH' specification
         matrixProjection.vcxproj -> C:\Users\locth\Desktop\opengl\opengl\matrixProjection\src\..\bin\matrixProjection.exe
     1>Done Building Project "C:\Users\locth\Desktop\opengl\opengl\matrixProjection\src\matrixProjection.vcxproj" (Build target(s)).

Build succeeded.

Time Elapsed 00:00:12.74
